Array
(
    [network] => kovan
    [apikey] => U3M41P7XQ2GCX56ZPUVND61W6V98E38RQU
    [_wpnonce] => 59fec6a18d
    [_wp_http_referer] => /2021/T-Thomas-Woocommerce-Ethereum-payment/site/wp-admin/admin.php?page=wc-settings&tab=checkout&section=ethereumpay
    [action] => c9wep_check_connection_ajax_admin_fun
)




Array
(
    [network] => kovan
    [apikey] => U3M41P7XQ2GCX56ZPUVND61W6V98E38RQU
    [_wpnonce] => 59fec6a18d
    [_wp_http_referer] => /2021/T-Thomas-Woocommerce-Ethereum-payment/site/wp-admin/admin.php?page=wc-settings&tab=checkout&section=ethereumpay
    [action] => c9wep_check_connection_ajax_admin_fun
)




Array
(
    [network] => kovan
    [apikey] => U3M41P7XQ2GCX56ZPUVND61W6V98E38RQU
    [_wpnonce] => 59fec6a18d
    [_wp_http_referer] => /2021/T-Thomas-Woocommerce-Ethereum-payment/site/wp-admin/admin.php?page=wc-settings&tab=checkout&section=ethereumpay
    [action] => c9wep_check_connection_ajax_admin_fun
)




Array
(
    [network] => kovan
    [apikey] => U3M41P7XQ2GCX56ZPUVND61W6V98E38RQU
    [_wpnonce] => 59fec6a18d
    [_wp_http_referer] => /2021/T-Thomas-Woocommerce-Ethereum-payment/site/wp-admin/admin.php?page=wc-settings&tab=checkout&section=ethereumpay
    [action] => c9wep_check_connection_ajax_admin_fun
)




Array
(
    [network] => kovan
    [apikey] => U3M41P7XQ2GCX56ZPUVND61W6V98E38RQU
    [_wpnonce] => 59fec6a18d
    [_wp_http_referer] => /2021/T-Thomas-Woocommerce-Ethereum-payment/site/wp-admin/admin.php?page=wc-settings&tab=checkout&section=ethereumpay
    [action] => c9wep_check_connection_ajax_admin_fun
)




Array
(
    [network] => kovan
    [apikey] => U3M41P7XQ2GCX56ZPUVND61W6V98E38RQU
    [_wpnonce] => 55e589ed74
    [_wp_http_referer] => /2021/T-Thomas-Woocommerce-Ethereum-payment/site/wp-admin/admin.php?page=wc-settings&tab=checkout&section=ethereumpay
    [action] => c9wep_check_connection_ajax_admin_fun
)




Array
(
    [network] => kovan
    [apikey] => U3M41P7XQ2GCX56ZPUVND61W6V98E38RQU
    [_wpnonce] => 55e589ed74
    [_wp_http_referer] => /2021/T-Thomas-Woocommerce-Ethereum-payment/site/wp-admin/admin.php?page=wc-settings&tab=checkout&section=ethereumpay
    [action] => c9wep_check_connection_ajax_admin_fun
)




Array
(
    [network] => kovan
    [apikey] => U3M41P7XQ2GCX56ZPUVND61W6V98E38RQU
    [_wpnonce] => 55e589ed74
    [_wp_http_referer] => /2021/T-Thomas-Woocommerce-Ethereum-payment/site/wp-admin/admin.php?page=wc-settings&tab=checkout&section=ethereumpay
    [action] => c9wep_check_connection_ajax_admin_fun
)




Array
(
    [network] => kovan
    [apikey] => U3M41P7XQ2GCX56ZPUVND61W6V98E38RQU
    [_wpnonce] => 55e589ed74
    [_wp_http_referer] => /2021/T-Thomas-Woocommerce-Ethereum-payment/site/wp-admin/admin.php?page=wc-settings&tab=checkout&section=ethereumpay
    [action] => c9wep_check_connection_ajax_admin_fun
)




